<?xml version="1.0" encoding="UTF-8"?>
<testsuite xmlns:xsi="http://www.w3.org/2001/XMLSchema-instance" xsi:noNamespaceSchemaLocation="https://maven.apache.org/surefire/maven-surefire-plugin/xsd/surefire-test-report.xsd" name="coursework.CustomerDataTest" time="3.16" tests="6" errors="0" skipped="0" failures="0">
  <properties>
[...]
</properties>
  <testcase name="can_sort_orders_by_time_lapse_mock" classname="coursework.CustomerDataTest" time="1.117"/>
  <testcase name="Can_retrieve_customers_without_sales_representative" classname="coursework.CustomerDataTest" time="0.479"/>
  <testcase name="can_count_customers_without_sales_representative" classname="coursework.CustomerDataTest" time="0.382"/>
  <testcase name="Can_retrieve_all_customers" classname="coursework.CustomerDataTest" time="0.386"/>
  <testcase name="Can_retrieve_avg_order_time_lapse_for_a_customer" classname="coursework.CustomerDataTest" time="0.387"/>
  <testcase name="can_sort_orders_by_time_lapse_sqltest" classname="coursework.CustomerDataTest" time="0.38"/>
</testsuite>